<?xml version="1.0" encoding="UTF-8"?>
<testng-results skipped="0" failed="0" total="1" passed="1">
  <reporter-output>
  </reporter-output>
  <suite name="Main Test Suite" duration-ms="77375" started-at="2018-01-30T16:20:46Z" finished-at="2018-01-30T16:22:03Z">
    <groups>
    </groups>
    <test name="TestNG Test Group" duration-ms="77375" started-at="2018-01-30T16:20:46Z" finished-at="2018-01-30T16:22:03Z">
      <class name="com.test.AutoLogin">
        <test-method status="PASS" signature="setUp()[pri:0, instance:com.test.AutoLogin@e580929]" name="setUp" is-config="true" duration-ms="48" started-at="2018-01-30T21:50:46Z" finished-at="2018-01-30T21:50:46Z">
          <reporter-output>
          </reporter-output>
        </test-method> <!-- setUp -->
        <test-method status="PASS" signature="test()[pri:0, instance:com.test.AutoLogin@e580929]" name="test" duration-ms="77305" started-at="2018-01-30T21:50:46Z" finished-at="2018-01-30T21:52:03Z">
          <reporter-output>
          </reporter-output>
        </test-method> <!-- test -->
        <test-method status="PASS" signature="tearDown()[pri:0, instance:com.test.AutoLogin@e580929]" name="tearDown" is-config="true" duration-ms="4" started-at="2018-01-30T21:52:03Z" finished-at="2018-01-30T21:52:03Z">
          <reporter-output>
          </reporter-output>
        </test-method> <!-- tearDown -->
      </class> <!-- com.test.AutoLogin -->
    </test> <!-- TestNG Test Group -->
  </suite> <!-- Main Test Suite -->
</testng-results>
